<?xml version="1.0" encoding="UTF-8"?>
<!-- Generated by org.testng.reporters.JUnitReportReporter -->
<testsuite hostname="Senthur" failures="0" tests="3" name="com.actitime.testscript.DemoTesting" time="0.023" errors="0" timestamp="2023-05-02T13:18:50 IST" skipped="0">
  <testcase classname="com.actitime.testscript.DemoTesting" name="modifyCustomer" time="0.003"/>
  <system-out>
    <![CDATA[welcome]]>
  </system-out>
  <testcase classname="com.actitime.testscript.DemoTesting" name="deleteCustomer" time="0.006"/>
  <system-out>
    <![CDATA[welcome]]>
  </system-out>
  <testcase classname="com.actitime.testscript.DemoTesting" name="createCustomer" time="0.014"/>
  <system-out>
    <![CDATA[welcome]]>
  </system-out>
</testsuite> <!-- com.actitime.testscript.DemoTesting -->
