<?xml version="1.0" encoding="UTF-8"?>
<!-- Generated by org.testng.reporters.JUnitReportReporter -->
<testsuite hostname="Senthur" failures="0" tests="1" name="com.actitime.testscript.CustomerModule1" time="122.622" errors="0" timestamp="2023-04-28T00:48:00 IST" skipped="0">
  <testcase classname="com.actitime.testscript.CustomerModule1" name="createCustomer" time="122.622"/>
  <system-out>
    <![CDATA[createCustomer]]>
  </system-out>
</testsuite> <!-- com.actitime.testscript.CustomerModule1 -->
