<?xml version="1.0" encoding="UTF-8"?>
<!-- Generated by org.testng.reporters.JUnitReportReporter -->
<testsuite hostname="Senthur" failures="0" tests="1" name="com.actitime.testscript.TaskModule" time="0.003" errors="0" timestamp="2023-05-02T21:01:49 IST" skipped="0">
  <testcase classname="com.actitime.testscript.TaskModule" name="createTask" time="0.003"/>
  <system-out>
    <![CDATA[createTask]]>
  </system-out>
</testsuite> <!-- com.actitime.testscript.TaskModule -->
