<?xml version="1.0" encoding="UTF-8"?>
<!-- Generated by org.testng.reporters.JUnitReportReporter -->
<testsuite hostname="Senthur" failures="0" tests="1" name="com.actitime.pom.TestMethodCls2" time="181.928" errors="0" timestamp="2023-05-04T23:18:19 IST" skipped="0">
  <testcase classname="com.actitime.pom.TestMethodCls2" name="validLogin" time="181.928"/>
  <system-out/>
</testsuite> <!-- com.actitime.pom.TestMethodCls2 -->
