<?xml version="1.0" encoding="UTF-8"?>
<!-- Generated by org.testng.reporters.JUnitReportReporter -->
<testsuite hostname="Senthur" failures="0" tests="1" name="com.actitime.pom.TestMethodCls" time="132.349" errors="0" timestamp="2023-05-04T23:09:35 IST" skipped="0">
  <testcase classname="com.actitime.pom.TestMethodCls" name="validLogin" time="132.349"/>
  <system-out/>
</testsuite> <!-- com.actitime.pom.TestMethodCls -->
